[37m2025-07-28 04:17:58,526 [INFO] - Instantiated Logger. WandB init and config update finished.
[37m2025-07-28 04:17:58,526 [INFO] - Run ist stored here: /workspace/CellViT-plus-plus/cellvit/logs_local/2025-07-28T041755_cellvit++
[37m2025-07-28 04:17:58,598 [INFO] - Cuda devices: [<torch.cuda.device object at 0x72d032d42b90>, <torch.cuda.device object at 0x72d032d42bc0>, <torch.cuda.device object at 0x72d032d42aa0>, <torch.cuda.device object at 0x72d032d42cb0>, <torch.cuda.device object at 0x72d032d42d40>, <torch.cuda.device object at 0x72d032d42da0>]
[37m2025-07-28 04:17:58,598 [INFO] - Using GPU: cuda:0
[37m2025-07-28 04:17:58,598 [INFO] - Using device: cuda:0
[37m2025-07-28 04:17:58,598 [INFO] - Loss function:
[37m2025-07-28 04:17:58,599 [INFO] - CrossEntropyLoss()
[37m2025-07-28 04:18:12,001 [INFO] - Loading checkpoint /workspace/CellViT-plus-plus/checkpoints/CellViT-SAM-H-x40-AMP.pth
[37m2025-07-28 04:18:12,220 [INFO] - <All keys matched successfully>
[37m2025-07-28 04:18:13,213 [INFO] - 
==========================================================================================
Layer (type:depth-idx)                   Output Shape              Param #
==========================================================================================
LinearClassifier                         [1, 7]                    --
├─Linear: 1-1                            [1, 128]                  163,968
├─ReLU: 1-2                              [1, 128]                  --
├─Dropout: 1-3                           [1, 128]                  --
├─Linear: 1-4                            [1, 7]                    903
==========================================================================================
Total params: 164,871
Trainable params: 164,871
Non-trainable params: 0
Total mult-adds (M): 0.16
==========================================================================================
Input size (MB): 0.01
Forward/backward pass size (MB): 0.00
Params size (MB): 0.66
Estimated Total Size (MB): 0.67
==========================================================================================
[37m2025-07-28 04:18:13,214 [INFO] - Loaded AdamW Optimizer with following hyperparameters:
[37m2025-07-28 04:18:13,215 [INFO] - {'betas': [0.85, 0.9], 'lr': 0.0005, 'weight_decay': 0.0005}
[37m2025-07-28 04:18:13,215 [INFO] - Using early stopping with a range of 20 and maximize strategy
[37m2025-07-28 04:18:13,215 [INFO] - No reshaping of data
[37m2025-07-28 04:18:13,219 [INFO] - Caching datasets
[37m2025-07-28 04:18:13,219 [INFO] - Instantiate Trainer
[37m2025-07-28 04:18:13,221 [INFO] - Calling Trainer Fit
[37m2025-07-28 04:18:13,222 [INFO] - Dataset is cached after first epoch
[37m2025-07-28 04:18:13,222 [INFO] - Starting training, total number of epochs: 50
[37m2025-07-28 04:18:13,222 [INFO] - Epoch: 1/50
[37m2025-07-28 04:18:13,222 [INFO] - Extracting training cells
[37m2025-07-28 04:18:13,399 [INFO] - Extraction detection metrics - F1: nan, Precision: nan, Recall: nan, Detected-Cells: 0
[37m2025-07-28 04:18:13,399 [INFO] - Caching dataset 1398575d8a528ed328058ab6f7a9c18cd68fe6e2a8651dd91a91dc473eb6d9b0 to disk...
