[37m2025-07-28 04:20:16,017 [INFO] - Instantiated Logger. WandB init and config update finished.
[37m2025-07-28 04:20:16,018 [INFO] - Run ist stored here: /workspace/CellViT-plus-plus/cellvit/logs_local/2025-07-28T042012_cellvit++
[37m2025-07-28 04:20:16,086 [INFO] - Cuda devices: [<torch.cuda.device object at 0x72098b83a7a0>, <torch.cuda.device object at 0x72098b83a7d0>, <torch.cuda.device object at 0x72098b83a6b0>, <torch.cuda.device object at 0x72098b83a8c0>, <torch.cuda.device object at 0x72098b83a950>, <torch.cuda.device object at 0x72098b83a9b0>]
[37m2025-07-28 04:20:16,087 [INFO] - Using GPU: cuda:0
[37m2025-07-28 04:20:16,087 [INFO] - Using device: cuda:0
[37m2025-07-28 04:20:16,087 [INFO] - Loss function:
[37m2025-07-28 04:20:16,087 [INFO] - CrossEntropyLoss()
[37m2025-07-28 04:20:30,152 [INFO] - Loading checkpoint /workspace/CellViT-plus-plus/checkpoints/CellViT-SAM-H-x40-AMP.pth
[37m2025-07-28 04:20:30,421 [INFO] - <All keys matched successfully>
[37m2025-07-28 04:20:31,491 [INFO] - 
==========================================================================================
Layer (type:depth-idx)                   Output Shape              Param #
==========================================================================================
LinearClassifier                         [1, 7]                    --
├─Linear: 1-1                            [1, 128]                  163,968
├─ReLU: 1-2                              [1, 128]                  --
├─Dropout: 1-3                           [1, 128]                  --
├─Linear: 1-4                            [1, 7]                    903
==========================================================================================
Total params: 164,871
Trainable params: 164,871
Non-trainable params: 0
Total mult-adds (M): 0.16
==========================================================================================
Input size (MB): 0.01
Forward/backward pass size (MB): 0.00
Params size (MB): 0.66
Estimated Total Size (MB): 0.67
==========================================================================================
[37m2025-07-28 04:20:31,492 [INFO] - Loaded AdamW Optimizer with following hyperparameters:
[37m2025-07-28 04:20:31,493 [INFO] - {'betas': [0.85, 0.9], 'lr': 0.0005, 'weight_decay': 0.0005}
[37m2025-07-28 04:20:31,493 [INFO] - Using early stopping with a range of 20 and maximize strategy
[37m2025-07-28 04:20:31,493 [INFO] - No reshaping of data
[37m2025-07-28 04:20:31,497 [INFO] - Caching datasets
[37m2025-07-28 04:20:31,498 [INFO] - Instantiate Trainer
[37m2025-07-28 04:20:31,501 [INFO] - Calling Trainer Fit
[37m2025-07-28 04:20:31,501 [INFO] - Dataset is cached after first epoch
[37m2025-07-28 04:20:31,501 [INFO] - Starting training, total number of epochs: 50
[37m2025-07-28 04:20:31,501 [INFO] - Epoch: 1/50
[37m2025-07-28 04:20:31,503 [INFO] - Loaded dataset from cache: .dataset/transformed/CoNSeP/cache/1398575d8a528ed328058ab6f7a9c18cd68fe6e2a8651dd91a91dc473eb6d9b0.h5
