[37m2025-07-28 04:17:01,972 [INFO] - Instantiated Logger. WandB init and config update finished.
[37m2025-07-28 04:17:01,972 [INFO] - Run ist stored here: /workspace/CellViT-plus-plus/cellvit/logs_local/2025-07-28T041658_cellvit++
[37m2025-07-28 04:17:02,050 [INFO] - Cuda devices: [<torch.cuda.device object at 0x771e0f8fe110>, <torch.cuda.device object at 0x771e0f8fe140>, <torch.cuda.device object at 0x771e0f8fe020>, <torch.cuda.device object at 0x771e0f8fe230>, <torch.cuda.device object at 0x771e0f8fe2c0>, <torch.cuda.device object at 0x771e0f8fe320>]
[37m2025-07-28 04:17:02,051 [INFO] - Using GPU: cuda:0
[37m2025-07-28 04:17:02,051 [INFO] - Using device: cuda:0
[37m2025-07-28 04:17:02,052 [INFO] - Loss function:
[37m2025-07-28 04:17:02,052 [INFO] - CrossEntropyLoss()
[37m2025-07-28 04:17:15,515 [INFO] - Loading checkpoint /workspace/CellViT-plus-plus/checkpoints/CellViT-SAM-H-x40-AMP.pth
[37m2025-07-28 04:17:15,730 [INFO] - <All keys matched successfully>
[37m2025-07-28 04:17:16,744 [INFO] - 
==========================================================================================
Layer (type:depth-idx)                   Output Shape              Param #
==========================================================================================
LinearClassifier                         [1, 7]                    --
├─Linear: 1-1                            [1, 128]                  163,968
├─ReLU: 1-2                              [1, 128]                  --
├─Dropout: 1-3                           [1, 128]                  --
├─Linear: 1-4                            [1, 7]                    903
==========================================================================================
Total params: 164,871
Trainable params: 164,871
Non-trainable params: 0
Total mult-adds (M): 0.16
==========================================================================================
Input size (MB): 0.01
Forward/backward pass size (MB): 0.00
Params size (MB): 0.66
Estimated Total Size (MB): 0.67
==========================================================================================
[37m2025-07-28 04:17:16,745 [INFO] - Loaded AdamW Optimizer with following hyperparameters:
[37m2025-07-28 04:17:16,745 [INFO] - {'betas': [0.85, 0.9], 'lr': 0.0005, 'weight_decay': 0.0005}
[37m2025-07-28 04:17:16,746 [INFO] - Using early stopping with a range of 20 and maximize strategy
[37m2025-07-28 04:17:16,746 [INFO] - No reshaping of data
